# JRE version: Java(TM) SE Runtime Environment (8.0_91-b15) (build 1.8.0_91-b15)
# Java VM: Java HotSpot(TM) 64-Bit Server VM (25.91-b15 mixed mode windows-amd64 compressed oops)
Heap:
 PSYoungGen      total 323072K, used 320285K [0x00000000d5580000, 0x00000000eab00000, 0x0000000100000000)
  eden space 308736K, 99% used [0x00000000d5580000,0x00000000e8050dd8,0x00000000e8300000)
  from space 14336K, 99% used [0x00000000e9d00000,0x00000000eaaf6930,0x00000000eab00000)
  to   space 20480K, 0% used [0x00000000e8300000,0x00000000e8300000,0x00000000e9700000)
 ParOldGen       total 109568K, used 21516K [0x0000000080000000, 0x0000000086b00000, 0x00000000d5580000)
  object space 109568K, 19% used [0x0000000080000000,0x00000000815030c8,0x0000000086b00000)
 Metaspace       used 51000K, capacity 55004K, committed 55168K, reserved 1097728K
  class space    used 6837K, capacity 7533K, committed 7552K, reserved 1048576K
GC Heap History (10 events):
Event: 66.572 GC heap before
{Heap before GC invocations=14 (full 2):
 PSYoungGen      total 235008K, used 229722K [0x00000000d5580000, 0x00000000e7780000, 0x0000000100000000)
  eden space 216576K, 100% used [0x00000000d5580000,0x00000000e2900000,0x00000000e2900000)
  from space 18432K, 71% used [0x00000000e2900000,0x00000000e35d6930,0x00000000e3b00000)
  to   space 18944K, 0% used [0x00000000e6500000,0x00000000e6500000,0x00000000e7780000)
 ParOldGen       total 109568K, used 21468K [0x0000000080000000, 0x0000000086b00000, 0x00000000d5580000)
  object space 109568K, 19% used [0x0000000080000000,0x00000000814f70c8,0x0000000086b00000)
 Metaspace       used 49964K, capacity 53946K, committed 54144K, reserved 1095680K
  class space    used 6819K, capacity 7525K, committed 7552K, reserved 1048576K
Event: 66.598 GC heap after
Heap after GC invocations=14 (full 2):
 PSYoungGen      total 266240K, used 14378K [0x00000000d5580000, 0x00000000e7380000, 0x0000000100000000)
  eden space 251392K, 0% used [0x00000000d5580000,0x00000000d5580000,0x00000000e4b00000)
  from space 14848K, 96% used [0x00000000e6500000,0x00000000e730a940,0x00000000e7380000)
  to   space 19968K, 0% used [0x00000000e4c80000,0x00000000e4c80000,0x00000000e6000000)
 ParOldGen       total 109568K, used 21476K [0x0000000080000000, 0x0000000086b00000, 0x00000000d5580000)
  object space 109568K, 19% used [0x0000000080000000,0x00000000814f90c8,0x0000000086b00000)
 Metaspace       used 49964K, capacity 53946K, committed 54144K, reserved 1095680K
  class space    used 6819K, capacity 7525K, committed 7552K, reserved 1048576K
}
Event: 76.430 GC heap before
{Heap before GC invocations=15 (full 2):
 PSYoungGen      total 266240K, used 265770K [0x00000000d5580000, 0x00000000e7380000, 0x0000000100000000)
  eden space 251392K, 100% used [0x00000000d5580000,0x00000000e4b00000,0x00000000e4b00000)
  from space 14848K, 96% used [0x00000000e6500000,0x00000000e730a940,0x00000000e7380000)
  to   space 19968K, 0% used [0x00000000e4c80000,0x00000000e4c80000,0x00000000e6000000)
 ParOldGen       total 109568K, used 21476K [0x0000000080000000, 0x0000000086b00000, 0x00000000d5580000)
  object space 109568K, 19% used [0x0000000080000000,0x00000000814f90c8,0x0000000086b00000)
 Metaspace       used 50275K, capacity 54228K, committed 54400K, reserved 1095680K
  class space    used 6820K, capacity 7526K, committed 7552K, reserved 1048576K
Event: 76.502 GC heap after
Heap after GC invocations=15 (full 2):
 PSYoungGen      total 272896K, used 14314K [0x00000000d5580000, 0x00000000e9500000, 0x0000000100000000)
  eden space 252928K, 0% used [0x00000000d5580000,0x00000000d5580000,0x00000000e4c80000)
  from space 19968K, 71% used [0x00000000e4c80000,0x00000000e5a7a920,0x00000000e6000000)
  to   space 20480K, 0% used [0x00000000e8100000,0x00000000e8100000,0x00000000e9500000)
 ParOldGen       total 109568K, used 21484K [0x0000000080000000, 0x0000000086b00000, 0x00000000d5580000)
  object space 109568K, 19% used [0x0000000080000000,0x00000000814fb0c8,0x0000000086b00000)
 Metaspace       used 50275K, capacity 54228K, committed 54400K, reserved 1095680K
  class space    used 6820K, capacity 7526K, committed 7552K, reserved 1048576K
}
Event: 119.756 GC heap before
{Heap before GC invocations=16 (full 2):
 PSYoungGen      total 272896K, used 267242K [0x00000000d5580000, 0x00000000e9500000, 0x0000000100000000)
  eden space 252928K, 100% used [0x00000000d5580000,0x00000000e4c80000,0x00000000e4c80000)
  from space 19968K, 71% used [0x00000000e4c80000,0x00000000e5a7a920,0x00000000e6000000)
  to   space 20480K, 0% used [0x00000000e8100000,0x00000000e8100000,0x00000000e9500000)
 ParOldGen       total 109568K, used 21484K [0x0000000080000000, 0x0000000086b00000, 0x00000000d5580000)
  object space 109568K, 19% used [0x0000000080000000,0x00000000814fb0c8,0x0000000086b00000)
 Metaspace       used 50538K, capacity 54564K, committed 54656K, reserved 1095680K
  class space    used 6825K, capacity 7528K, committed 7552K, reserved 1048576K
Event: 120.055 GC heap after
Heap after GC invocations=16 (full 2):
 PSYoungGen      total 299520K, used 10842K [0x00000000d5580000, 0x00000000e9080000, 0x0000000100000000)
  eden space 283648K, 0% used [0x00000000d5580000,0x00000000d5580000,0x00000000e6a80000)
  from space 15872K, 68% used [0x00000000e8100000,0x00000000e8b96930,0x00000000e9080000)
  to   space 19456K, 0% used [0x00000000e6a80000,0x00000000e6a80000,0x00000000e7d80000)
 ParOldGen       total 109568K, used 21492K [0x0000000080000000, 0x0000000086b00000, 0x00000000d5580000)
  object space 109568K, 19% used [0x0000000080000000,0x00000000814fd0c8,0x0000000086b00000)
 Metaspace       used 50538K, capacity 54564K, committed 54656K, reserved 1095680K
  class space    used 6825K, capacity 7528K, committed 7552K, reserved 1048576K
}
Event: 664.990 GC heap before
{Heap before GC invocations=17 (full 2):
 PSYoungGen      total 299520K, used 294490K [0x00000000d5580000, 0x00000000e9080000, 0x0000000100000000)
  eden space 283648K, 100% used [0x00000000d5580000,0x00000000e6a80000,0x00000000e6a80000)
  from space 15872K, 68% used [0x00000000e8100000,0x00000000e8b96930,0x00000000e9080000)
  to   space 19456K, 0% used [0x00000000e6a80000,0x00000000e6a80000,0x00000000e7d80000)
 ParOldGen       total 109568K, used 21492K [0x0000000080000000, 0x0000000086b00000, 0x00000000d5580000)
  object space 109568K, 19% used [0x0000000080000000,0x00000000814fd0c8,0x0000000086b00000)
 Metaspace       used 50734K, capacity 54768K, committed 54912K, reserved 1097728K
  class space    used 6828K, capacity 7528K, committed 7552K, reserved 1048576K
Event: 671.140 GC heap after
Heap after GC invocations=17 (full 2):
 PSYoungGen      total 303104K, used 14410K [0x00000000d5580000, 0x00000000eb080000, 0x0000000100000000)
  eden space 283648K, 0% used [0x00000000d5580000,0x00000000d5580000,0x00000000e6a80000)
  from space 19456K, 74% used [0x00000000e6a80000,0x00000000e7892920,0x00000000e7d80000)
  to   space 19968K, 0% used [0x00000000e9d00000,0x00000000e9d00000,0x00000000eb080000)
 ParOldGen       total 109568K, used 21508K [0x0000000080000000, 0x0000000086b00000, 0x00000000d5580000)
  object space 109568K, 19% used [0x0000000080000000,0x00000000815010c8,0x0000000086b00000)
 Metaspace       used 50734K, capacity 54768K, committed 54912K, reserved 1097728K
  class space    used 6828K, capacity 7528K, committed 7552K, reserved 1048576K
}
Event: 869.623 GC heap before
{Heap before GC invocations=18 (full 2):
 PSYoungGen      total 303104K, used 298058K [0x00000000d5580000, 0x00000000eb080000, 0x0000000100000000)
  eden space 283648K, 100% used [0x00000000d5580000,0x00000000e6a80000,0x00000000e6a80000)
  from space 19456K, 74% used [0x00000000e6a80000,0x00000000e7892920,0x00000000e7d80000)
  to   space 19968K, 0% used [0x00000000e9d00000,0x00000000e9d00000,0x00000000eb080000)
 ParOldGen       total 109568K, used 21508K [0x0000000080000000, 0x0000000086b00000, 0x00000000d5580000)
  object space 109568K, 19% used [0x0000000080000000,0x00000000815010c8,0x0000000086b00000)
 Metaspace       used 50892K, capacity 54864K, committed 54912K, reserved 1097728K
  class space    used 6835K, capacity 7533K, committed 7552K, reserved 1048576K
Event: 869.663 GC heap after
Heap after GC invocations=18 (full 2):
 PSYoungGen      total 323072K, used 14298K [0x00000000d5580000, 0x00000000eab00000, 0x0000000100000000)
  eden space 308736K, 0% used [0x00000000d5580000,0x00000000d5580000,0x00000000e8300000)
  from space 14336K, 99% used [0x00000000e9d00000,0x00000000eaaf6930,0x00000000eab00000)
  to   space 20480K, 0% used [0x00000000e8300000,0x00000000e8300000,0x00000000e9700000)
 ParOldGen       total 109568K, used 21516K [0x0000000080000000, 0x0000000086b00000, 0x00000000d5580000)
  object space 109568K, 19% used [0x0000000080000000,0x00000000815030c8,0x0000000086b00000)
 Metaspace       used 50892K, capacity 54864K, committed 54912K, reserved 1097728K
  class space    used 6835K, capacity 7533K, committed 7552K, reserved 1048576K
}

