# JRE version: Java(TM) SE Runtime Environment (8.0_91-b15) (build 1.8.0_91-b15)
# Java VM: Java HotSpot(TM) 64-Bit Server VM (25.91-b15 mixed mode windows-amd64 compressed oops)
Heap:
 PSYoungGen      total 229888K, used 103764K [0x00000000d5580000, 0x00000000e7a80000, 0x0000000100000000)
  eden space 212480K, 44% used [0x00000000d5580000,0x00000000db206808,0x00000000e2500000)
  from space 17408K, 51% used [0x00000000e2500000,0x00000000e2dce900,0x00000000e3600000)
  to   space 16896K, 0% used [0x00000000e6a00000,0x00000000e6a00000,0x00000000e7a80000)
 ParOldGen       total 89600K, used 26192K [0x0000000080000000, 0x0000000085780000, 0x00000000d5580000)
  object space 89600K, 29% used [0x0000000080000000,0x0000000081994320,0x0000000085780000)
 Metaspace       used 49143K, capacity 51992K, committed 52352K, reserved 1093632K
  class space    used 6631K, capacity 7188K, committed 7296K, reserved 1048576K
GC Heap History (10 events):
Event: 38.189 GC heap before
{Heap before GC invocations=9 (full 2):
 PSYoungGen      total 138752K, used 12283K [0x00000000d5580000, 0x00000000e1300000, 0x0000000100000000)
  eden space 126464K, 0% used [0x00000000d5580000,0x00000000d5580000,0x00000000dd100000)
  from space 12288K, 99% used [0x00000000dd100000,0x00000000ddcfef98,0x00000000ddd00000)
  to   space 14336K, 0% used [0x00000000e0500000,0x00000000e0500000,0x00000000e1300000)
 ParOldGen       total 64000K, used 11295K [0x0000000080000000, 0x0000000083e80000, 0x00000000d5580000)
  object space 64000K, 17% used [0x0000000080000000,0x0000000080b07d38,0x0000000083e80000)
 Metaspace       used 33843K, capacity 35378K, committed 35496K, reserved 1079296K
  class space    used 4770K, capacity 5103K, committed 5120K, reserved 1048576K
Event: 38.344 GC heap after
Heap after GC invocations=9 (full 2):
 PSYoungGen      total 138752K, used 0K [0x00000000d5580000, 0x00000000e1300000, 0x0000000100000000)
  eden space 126464K, 0% used [0x00000000d5580000,0x00000000d5580000,0x00000000dd100000)
  from space 12288K, 0% used [0x00000000dd100000,0x00000000dd100000,0x00000000ddd00000)
  to   space 14336K, 0% used [0x00000000e0500000,0x00000000e0500000,0x00000000e1300000)
 ParOldGen       total 89600K, used 19436K [0x0000000080000000, 0x0000000085780000, 0x00000000d5580000)
  object space 89600K, 21% used [0x0000000080000000,0x00000000812fb230,0x0000000085780000)
 Metaspace       used 33839K, capacity 35368K, committed 35496K, reserved 1079296K
  class space    used 4769K, capacity 5100K, committed 5120K, reserved 1048576K
}
Event: 42.371 GC heap before
{Heap before GC invocations=10 (full 2):
 PSYoungGen      total 138752K, used 126464K [0x00000000d5580000, 0x00000000e1300000, 0x0000000100000000)
  eden space 126464K, 100% used [0x00000000d5580000,0x00000000dd100000,0x00000000dd100000)
  from space 12288K, 0% used [0x00000000dd100000,0x00000000dd100000,0x00000000ddd00000)
  to   space 14336K, 0% used [0x00000000e0500000,0x00000000e0500000,0x00000000e1300000)
 ParOldGen       total 89600K, used 19436K [0x0000000080000000, 0x0000000085780000, 0x00000000d5580000)
  object space 89600K, 21% used [0x0000000080000000,0x00000000812fb230,0x0000000085780000)
 Metaspace       used 40026K, capacity 42040K, committed 42240K, reserved 1085440K
  class space    used 5652K, capacity 6074K, committed 6144K, reserved 1048576K
Event: 42.386 GC heap after
Heap after GC invocations=10 (full 2):
 PSYoungGen      total 179200K, used 10073K [0x00000000d5580000, 0x00000000e3400000, 0x0000000100000000)
  eden space 164864K, 0% used [0x00000000d5580000,0x00000000d5580000,0x00000000df680000)
  from space 14336K, 70% used [0x00000000e0500000,0x00000000e0ed64f8,0x00000000e1300000)
  to   space 14848K, 0% used [0x00000000df680000,0x00000000df680000,0x00000000e0500000)
 ParOldGen       total 89600K, used 19444K [0x0000000080000000, 0x0000000085780000, 0x00000000d5580000)
  object space 89600K, 21% used [0x0000000080000000,0x00000000812fd230,0x0000000085780000)
 Metaspace       used 40026K, capacity 42040K, committed 42240K, reserved 1085440K
  class space    used 5652K, capacity 6074K, committed 6144K, reserved 1048576K
}
Event: 93.018 GC heap before
{Heap before GC invocations=11 (full 2):
 PSYoungGen      total 179200K, used 174937K [0x00000000d5580000, 0x00000000e3400000, 0x0000000100000000)
  eden space 164864K, 100% used [0x00000000d5580000,0x00000000df680000,0x00000000df680000)
  from space 14336K, 70% used [0x00000000e0500000,0x00000000e0ed64f8,0x00000000e1300000)
  to   space 14848K, 0% used [0x00000000df680000,0x00000000df680000,0x00000000e0500000)
 ParOldGen       total 89600K, used 19444K [0x0000000080000000, 0x0000000085780000, 0x00000000d5580000)
  object space 89600K, 21% used [0x0000000080000000,0x00000000812fd230,0x0000000085780000)
 Metaspace       used 47575K, capacity 50006K, committed 50176K, reserved 1091584K
  class space    used 6569K, capacity 7083K, committed 7168K, reserved 1048576K
Event: 93.070 GC heap after
Heap after GC invocations=11 (full 2):
 PSYoungGen      total 179712K, used 14843K [0x00000000d5580000, 0x00000000e4a80000, 0x0000000100000000)
  eden space 164864K, 0% used [0x00000000d5580000,0x00000000d5580000,0x00000000df680000)
  from space 14848K, 99% used [0x00000000df680000,0x00000000e04fef70,0x00000000e0500000)
  to   space 17920K, 0% used [0x00000000e3900000,0x00000000e3900000,0x00000000e4a80000)
 ParOldGen       total 89600K, used 22378K [0x0000000080000000, 0x0000000085780000, 0x00000000d5580000)
  object space 89600K, 24% used [0x0000000080000000,0x00000000815dabe0,0x0000000085780000)
 Metaspace       used 47575K, capacity 50006K, committed 50176K, reserved 1091584K
  class space    used 6569K, capacity 7083K, committed 7168K, reserved 1048576K
}
Event: 102.000 GC heap before
{Heap before GC invocations=12 (full 2):
 PSYoungGen      total 179712K, used 179707K [0x00000000d5580000, 0x00000000e4a80000, 0x0000000100000000)
  eden space 164864K, 100% used [0x00000000d5580000,0x00000000df680000,0x00000000df680000)
  from space 14848K, 99% used [0x00000000df680000,0x00000000e04fef70,0x00000000e0500000)
  to   space 17920K, 0% used [0x00000000e3900000,0x00000000e3900000,0x00000000e4a80000)
 ParOldGen       total 89600K, used 22378K [0x0000000080000000, 0x0000000085780000, 0x00000000d5580000)
  object space 89600K, 24% used [0x0000000080000000,0x00000000815dabe0,0x0000000085780000)
 Metaspace       used 48484K, capacity 51122K, committed 51200K, reserved 1093632K
  class space    used 6606K, capacity 7143K, committed 7168K, reserved 1048576K
Event: 102.042 GC heap after
Heap after GC invocations=12 (full 2):
 PSYoungGen      total 226816K, used 7530K [0x00000000d5580000, 0x00000000e4700000, 0x0000000100000000)
  eden space 212480K, 0% used [0x00000000d5580000,0x00000000d5580000,0x00000000e2500000)
  from space 14336K, 52% used [0x00000000e3900000,0x00000000e405a8f0,0x00000000e4700000)
  to   space 17408K, 0% used [0x00000000e2500000,0x00000000e2500000,0x00000000e3600000)
 ParOldGen       total 89600K, used 26184K [0x0000000080000000, 0x0000000085780000, 0x00000000d5580000)
  object space 89600K, 29% used [0x0000000080000000,0x0000000081992320,0x0000000085780000)
 Metaspace       used 48484K, capacity 51122K, committed 51200K, reserved 1093632K
  class space    used 6606K, capacity 7143K, committed 7168K, reserved 1048576K
}
Event: 129.628 GC heap before
{Heap before GC invocations=13 (full 2):
 PSYoungGen      total 226816K, used 220010K [0x00000000d5580000, 0x00000000e4700000, 0x0000000100000000)
  eden space 212480K, 100% used [0x00000000d5580000,0x00000000e2500000,0x00000000e2500000)
  from space 14336K, 52% used [0x00000000e3900000,0x00000000e405a8f0,0x00000000e4700000)
  to   space 17408K, 0% used [0x00000000e2500000,0x00000000e2500000,0x00000000e3600000)
 ParOldGen       total 89600K, used 26184K [0x0000000080000000, 0x0000000085780000, 0x00000000d5580000)
  object space 89600K, 29% used [0x0000000080000000,0x0000000081992320,0x0000000085780000)
 Metaspace       used 49047K, capacity 51856K, committed 52096K, reserved 1093632K
  class space    used 6631K, capacity 7188K, committed 7296K, reserved 1048576K
Event: 129.662 GC heap after
Heap after GC invocations=13 (full 2):
 PSYoungGen      total 229888K, used 9018K [0x00000000d5580000, 0x00000000e7a80000, 0x0000000100000000)
  eden space 212480K, 0% used [0x00000000d5580000,0x00000000d5580000,0x00000000e2500000)
  from space 17408K, 51% used [0x00000000e2500000,0x00000000e2dce900,0x00000000e3600000)
  to   space 16896K, 0% used [0x00000000e6a00000,0x00000000e6a00000,0x00000000e7a80000)
 ParOldGen       total 89600K, used 26192K [0x0000000080000000, 0x0000000085780000, 0x00000000d5580000)
  object space 89600K, 29% used [0x0000000080000000,0x0000000081994320,0x0000000085780000)
 Metaspace       used 49047K, capacity 51856K, committed 52096K, reserved 1093632K
  class space    used 6631K, capacity 7188K, committed 7296K, reserved 1048576K
}

