# JRE version: OpenJDK Runtime Environment (11.0.13) (build 11.0.13+0-b1751.21-8125866)
# Java VM: OpenJDK 64-Bit Server VM (11.0.13+0-b1751.21-8125866, mixed mode, tiered, compressed oops, g1 gc, windows-amd64)
Heap:
 garbage-first heap   total 431104K, used 202506K [0x0000000080000000, 0x0000000100000000)
  region size 1024K, 39 young (39936K), 14 survivors (14336K)
 Metaspace       used 111569K, capacity 114342K, committed 114588K, reserved 1148928K
  class space    used 13815K, capacity 14812K, committed 14848K, reserved 1048576K
GC Heap History (20 events):
Event: 78.519 GC heap before
{Heap before GC invocations=56 (full 0):
 garbage-first heap   total 164864K, used 152789K [0x0000000080000000, 0x0000000100000000)
  region size 1024K, 8 young (8192K), 1 survivors (1024K)
 Metaspace       used 85920K, capacity 88252K, committed 88476K, reserved 1126400K
  class space    used 10923K, capacity 11757K, committed 11776K, reserved 1048576K
}
Event: 78.543 GC heap after
{Heap after GC invocations=57 (full 0):
 garbage-first heap   total 164864K, used 145583K [0x0000000080000000, 0x0000000100000000)
  region size 1024K, 1 young (1024K), 1 survivors (1024K)
 Metaspace       used 85920K, capacity 88252K, committed 88476K, reserved 1126400K
  class space    used 10923K, capacity 11757K, committed 11776K, reserved 1048576K
}
Event: 78.687 GC heap before
{Heap before GC invocations=58 (full 0):
 garbage-first heap   total 164864K, used 151727K [0x0000000080000000, 0x0000000100000000)
  region size 1024K, 8 young (8192K), 1 survivors (1024K)
 Metaspace       used 86076K, capacity 88387K, committed 88476K, reserved 1126400K
  class space    used 10945K, capacity 11758K, committed 11776K, reserved 1048576K
}
Event: 78.688 GC heap after
{Heap after GC invocations=59 (full 0):
 garbage-first heap   total 164864K, used 145595K [0x0000000080000000, 0x0000000100000000)
  region size 1024K, 1 young (1024K), 1 survivors (1024K)
 Metaspace       used 86076K, capacity 88387K, committed 88476K, reserved 1126400K
  class space    used 10945K, capacity 11758K, committed 11776K, reserved 1048576K
}
Event: 78.936 GC heap before
{Heap before GC invocations=59 (full 0):
 garbage-first heap   total 164864K, used 150715K [0x0000000080000000, 0x0000000100000000)
  region size 1024K, 8 young (8192K), 1 survivors (1024K)
 Metaspace       used 86686K, capacity 88981K, committed 89116K, reserved 1126400K
  class space    used 10999K, capacity 11825K, committed 11904K, reserved 1048576K
}
Event: 78.948 GC heap after
{Heap after GC invocations=60 (full 0):
 garbage-first heap   total 164864K, used 146253K [0x0000000080000000, 0x0000000100000000)
  region size 1024K, 1 young (1024K), 1 survivors (1024K)
 Metaspace       used 86686K, capacity 88981K, committed 89116K, reserved 1126400K
  class space    used 10999K, capacity 11825K, committed 11904K, reserved 1048576K
}
Event: 79.222 GC heap before
{Heap before GC invocations=60 (full 0):
 garbage-first heap   total 164864K, used 154445K [0x0000000080000000, 0x0000000100000000)
  region size 1024K, 8 young (8192K), 1 survivors (1024K)
 Metaspace       used 87837K, capacity 90037K, committed 90140K, reserved 1128448K
  class space    used 11060K, capacity 11857K, committed 11904K, reserved 1048576K
}
Event: 79.239 GC heap after
{Heap after GC invocations=61 (full 0):
 garbage-first heap   total 266240K, used 145882K [0x0000000080000000, 0x0000000100000000)
  region size 1024K, 1 young (1024K), 1 survivors (1024K)
 Metaspace       used 87837K, capacity 90037K, committed 90140K, reserved 1128448K
  class space    used 11060K, capacity 11857K, committed 11904K, reserved 1048576K
}
Event: 81.279 GC heap before
{Heap before GC invocations=62 (full 0):
 garbage-first heap   total 266240K, used 201178K [0x0000000080000000, 0x0000000100000000)
  region size 1024K, 55 young (56320K), 1 survivors (1024K)
 Metaspace       used 93967K, capacity 96282K, committed 96412K, reserved 1132544K
  class space    used 11892K, capacity 12683K, committed 12800K, reserved 1048576K
}
Event: 81.310 GC heap after
{Heap after GC invocations=63 (full 0):
 garbage-first heap   total 266240K, used 148318K [0x0000000080000000, 0x0000000100000000)
  region size 1024K, 3 young (3072K), 3 survivors (3072K)
 Metaspace       used 93967K, capacity 96282K, committed 96412K, reserved 1132544K
  class space    used 11892K, capacity 12683K, committed 12800K, reserved 1048576K
}
Event: 85.202 GC heap before
{Heap before GC invocations=63 (full 0):
 garbage-first heap   total 266240K, used 206686K [0x0000000080000000, 0x0000000100000000)
  region size 1024K, 60 young (61440K), 3 survivors (3072K)
 Metaspace       used 98458K, capacity 100937K, committed 101020K, reserved 1136640K
  class space    used 12439K, capacity 13283K, committed 13312K, reserved 1048576K
}
Event: 85.231 GC heap after
{Heap after GC invocations=64 (full 0):
 garbage-first heap   total 266240K, used 154795K [0x0000000080000000, 0x0000000100000000)
  region size 1024K, 8 young (8192K), 8 survivors (8192K)
 Metaspace       used 98458K, capacity 100937K, committed 101020K, reserved 1136640K
  class space    used 12439K, capacity 13283K, committed 13312K, reserved 1048576K
}
Event: 86.964 GC heap before
{Heap before GC invocations=65 (full 0):
 garbage-first heap   total 266240K, used 210091K [0x0000000080000000, 0x0000000100000000)
  region size 1024K, 63 young (64512K), 8 survivors (8192K)
 Metaspace       used 99052K, capacity 101567K, committed 101916K, reserved 1138688K
  class space    used 12460K, capacity 13330K, committed 13440K, reserved 1048576K
}
Event: 86.997 GC heap after
{Heap after GC invocations=66 (full 0):
 garbage-first heap   total 266240K, used 162420K [0x0000000080000000, 0x0000000100000000)
  region size 1024K, 8 young (8192K), 8 survivors (8192K)
 Metaspace       used 99052K, capacity 101567K, committed 101916K, reserved 1138688K
  class space    used 12460K, capacity 13330K, committed 13440K, reserved 1048576K
}
Event: 88.534 GC heap before
{Heap before GC invocations=66 (full 0):
 garbage-first heap   total 266240K, used 214644K [0x0000000080000000, 0x0000000100000000)
  region size 1024K, 60 young (61440K), 8 survivors (8192K)
 Metaspace       used 99283K, capacity 101830K, committed 101916K, reserved 1138688K
  class space    used 12463K, capacity 13362K, committed 13440K, reserved 1048576K
}
Event: 88.551 GC heap after
{Heap after GC invocations=67 (full 0):
 garbage-first heap   total 431104K, used 166090K [0x0000000080000000, 0x0000000100000000)
  region size 1024K, 5 young (5120K), 5 survivors (5120K)
 Metaspace       used 99283K, capacity 101830K, committed 101916K, reserved 1138688K
  class space    used 12463K, capacity 13362K, committed 13440K, reserved 1048576K
}
Event: 97.277 GC heap before
{Heap before GC invocations=68 (full 0):
 garbage-first heap   total 431104K, used 294090K [0x0000000080000000, 0x0000000100000000)
  region size 1024K, 131 young (134144K), 5 survivors (5120K)
 Metaspace       used 100736K, capacity 103365K, committed 103580K, reserved 1138688K
  class space    used 12598K, capacity 13530K, committed 13568K, reserved 1048576K
}
Event: 97.331 GC heap after
{Heap after GC invocations=69 (full 0):
 garbage-first heap   total 431104K, used 173948K [0x0000000080000000, 0x0000000100000000)
  region size 1024K, 12 young (12288K), 12 survivors (12288K)
 Metaspace       used 100736K, capacity 103365K, committed 103580K, reserved 1138688K
  class space    used 12598K, capacity 13530K, committed 13568K, reserved 1048576K
}
Event: 105.544 GC heap before
{Heap before GC invocations=69 (full 0):
 garbage-first heap   total 431104K, used 334716K [0x0000000080000000, 0x0000000100000000)
  region size 1024K, 169 young (173056K), 12 survivors (12288K)
 Metaspace       used 108131K, capacity 110781K, committed 111004K, reserved 1146880K
  class space    used 13519K, capacity 14482K, committed 14592K, reserved 1048576K
}
Event: 105.650 GC heap after
{Heap after GC invocations=70 (full 0):
 garbage-first heap   total 431104K, used 178954K [0x0000000080000000, 0x0000000100000000)
  region size 1024K, 14 young (14336K), 14 survivors (14336K)
 Metaspace       used 108131K, capacity 110781K, committed 111004K, reserved 1146880K
  class space    used 13519K, capacity 14482K, committed 14592K, reserved 1048576K
}

